[2025-10-08T07:34:00.382+0000] {taskinstance.py:1157} INFO - Dependencies all met for dep_context=non-requeueable deps ti=<TaskInstance: Test_Spark_job.run_spark_job scheduled__2024-02-22T00:00:00+00:00 [queued]>
[2025-10-08T07:34:00.385+0000] {taskinstance.py:1157} INFO - Dependencies all met for dep_context=requeueable deps ti=<TaskInstance: Test_Spark_job.run_spark_job scheduled__2024-02-22T00:00:00+00:00 [queued]>
[2025-10-08T07:34:00.385+0000] {taskinstance.py:1359} INFO - Starting attempt 1 of 1
[2025-10-08T07:34:00.389+0000] {taskinstance.py:1380} INFO - Executing <Task(SparkSubmitOperator): run_spark_job> on 2024-02-22 00:00:00+00:00
[2025-10-08T07:34:00.391+0000] {standard_task_runner.py:57} INFO - Started process 5435 to run task
[2025-10-08T07:34:00.392+0000] {standard_task_runner.py:84} INFO - Running: ['***', 'tasks', 'run', 'Test_Spark_job', 'run_spark_job', 'scheduled__2024-02-22T00:00:00+00:00', '--job-id', '83', '--raw', '--subdir', 'DAGS_FOLDER/test_spark.py', '--cfg-path', '/tmp/tmpx2qcyd__']
[2025-10-08T07:34:00.393+0000] {standard_task_runner.py:85} INFO - Job 83: Subtask run_spark_job
[2025-10-08T07:34:00.412+0000] {task_command.py:415} INFO - Running <TaskInstance: Test_Spark_job.run_spark_job scheduled__2024-02-22T00:00:00+00:00 [running]> on host 0e5d01676f0c
[2025-10-08T07:34:00.442+0000] {taskinstance.py:1660} INFO - Exporting env vars: AIRFLOW_CTX_DAG_OWNER='data-engineering' AIRFLOW_CTX_DAG_ID='Test_Spark_job' AIRFLOW_CTX_TASK_ID='run_spark_job' AIRFLOW_CTX_EXECUTION_DATE='2024-02-22T00:00:00+00:00' AIRFLOW_CTX_TRY_NUMBER='1' AIRFLOW_CTX_DAG_RUN_ID='scheduled__2024-02-22T00:00:00+00:00'
[2025-10-08T07:34:00.446+0000] {base.py:73} INFO - Using connection ID 'spark_default' for task execution.
[2025-10-08T07:34:00.446+0000] {spark_submit.py:340} INFO - Spark-Submit cmd: /opt/bitnami/spark/bin/spark-submit --master spark://spark-master:7077 --conf spark.master=spark://spark-master:7077 --packages org.apache.spark:spark-sql-kafka-0-10_2.12:3.5.0 --name arrow-spark --queue default /opt/***/dags/spark_jobs/test_sparkjob.py
[2025-10-08T07:34:01.112+0000] {spark_submit.py:491} INFO - :: loading settings :: url = jar:file:/opt/bitnami/spark/jars/ivy-2.5.1.jar!/org/apache/ivy/core/settings/ivysettings.xml
[2025-10-08T07:34:01.139+0000] {spark_submit.py:491} INFO - Ivy Default Cache set to: /home/***/.ivy2/cache
[2025-10-08T07:34:01.139+0000] {spark_submit.py:491} INFO - The jars for the packages stored in: /home/***/.ivy2/jars
[2025-10-08T07:34:01.140+0000] {spark_submit.py:491} INFO - org.apache.spark#spark-sql-kafka-0-10_2.12 added as a dependency
[2025-10-08T07:34:01.141+0000] {spark_submit.py:491} INFO - :: resolving dependencies :: org.apache.spark#spark-submit-parent-03bfd3e7-b7a9-49aa-86f5-da9d71860303;1.0
[2025-10-08T07:34:01.141+0000] {spark_submit.py:491} INFO - confs: [default]
[2025-10-08T07:34:01.197+0000] {spark_submit.py:491} INFO - found org.apache.spark#spark-sql-kafka-0-10_2.12;3.5.0 in central
[2025-10-08T07:34:01.221+0000] {spark_submit.py:491} INFO - found org.apache.spark#spark-token-provider-kafka-0-10_2.12;3.5.0 in central
[2025-10-08T07:34:01.234+0000] {spark_submit.py:491} INFO - found org.apache.kafka#kafka-clients;3.4.1 in central
[2025-10-08T07:34:01.242+0000] {spark_submit.py:491} INFO - found org.lz4#lz4-java;1.8.0 in central
[2025-10-08T07:34:01.249+0000] {spark_submit.py:491} INFO - found org.xerial.snappy#snappy-java;1.1.10.3 in central
[2025-10-08T07:34:01.255+0000] {spark_submit.py:491} INFO - found org.slf4j#slf4j-api;2.0.7 in central
[2025-10-08T07:34:01.265+0000] {spark_submit.py:491} INFO - found org.apache.hadoop#hadoop-client-runtime;3.3.4 in central
[2025-10-08T07:34:01.276+0000] {spark_submit.py:491} INFO - found org.apache.hadoop#hadoop-client-api;3.3.4 in central
[2025-10-08T07:34:01.285+0000] {spark_submit.py:491} INFO - found commons-logging#commons-logging;1.1.3 in central
[2025-10-08T07:34:01.291+0000] {spark_submit.py:491} INFO - found com.google.code.findbugs#jsr305;3.0.0 in central
[2025-10-08T07:34:01.296+0000] {spark_submit.py:491} INFO - found org.apache.commons#commons-pool2;2.11.1 in central
[2025-10-08T07:34:01.307+0000] {spark_submit.py:491} INFO - :: resolution report :: resolve 161ms :: artifacts dl 5ms
[2025-10-08T07:34:01.307+0000] {spark_submit.py:491} INFO - :: modules in use:
[2025-10-08T07:34:01.307+0000] {spark_submit.py:491} INFO - com.google.code.findbugs#jsr305;3.0.0 from central in [default]
[2025-10-08T07:34:01.307+0000] {spark_submit.py:491} INFO - commons-logging#commons-logging;1.1.3 from central in [default]
[2025-10-08T07:34:01.307+0000] {spark_submit.py:491} INFO - org.apache.commons#commons-pool2;2.11.1 from central in [default]
[2025-10-08T07:34:01.307+0000] {spark_submit.py:491} INFO - org.apache.hadoop#hadoop-client-api;3.3.4 from central in [default]
[2025-10-08T07:34:01.307+0000] {spark_submit.py:491} INFO - org.apache.hadoop#hadoop-client-runtime;3.3.4 from central in [default]
[2025-10-08T07:34:01.307+0000] {spark_submit.py:491} INFO - org.apache.kafka#kafka-clients;3.4.1 from central in [default]
[2025-10-08T07:34:01.307+0000] {spark_submit.py:491} INFO - org.apache.spark#spark-sql-kafka-0-10_2.12;3.5.0 from central in [default]
[2025-10-08T07:34:01.307+0000] {spark_submit.py:491} INFO - org.apache.spark#spark-token-provider-kafka-0-10_2.12;3.5.0 from central in [default]
[2025-10-08T07:34:01.307+0000] {spark_submit.py:491} INFO - org.lz4#lz4-java;1.8.0 from central in [default]
[2025-10-08T07:34:01.308+0000] {spark_submit.py:491} INFO - org.slf4j#slf4j-api;2.0.7 from central in [default]
[2025-10-08T07:34:01.309+0000] {spark_submit.py:491} INFO - org.xerial.snappy#snappy-java;1.1.10.3 from central in [default]
[2025-10-08T07:34:01.309+0000] {spark_submit.py:491} INFO - ---------------------------------------------------------------------
[2025-10-08T07:34:01.309+0000] {spark_submit.py:491} INFO - |                  |            modules            ||   artifacts   |
[2025-10-08T07:34:01.309+0000] {spark_submit.py:491} INFO - |       conf       | number| search|dwnlded|evicted|| number|dwnlded|
[2025-10-08T07:34:01.309+0000] {spark_submit.py:491} INFO - ---------------------------------------------------------------------
[2025-10-08T07:34:01.309+0000] {spark_submit.py:491} INFO - |      default     |   11  |   0   |   0   |   0   ||   11  |   0   |
[2025-10-08T07:34:01.310+0000] {spark_submit.py:491} INFO - ---------------------------------------------------------------------
[2025-10-08T07:34:01.310+0000] {spark_submit.py:491} INFO - :: retrieving :: org.apache.spark#spark-submit-parent-03bfd3e7-b7a9-49aa-86f5-da9d71860303
[2025-10-08T07:34:01.310+0000] {spark_submit.py:491} INFO - confs: [default]
[2025-10-08T07:34:01.313+0000] {spark_submit.py:491} INFO - 0 artifacts copied, 11 already retrieved (0kB/4ms)
[2025-10-08T07:34:01.401+0000] {spark_submit.py:491} INFO - 25/10/08 07:34:01 WARN NativeCodeLoader: Unable to load native-hadoop library for your platform... using builtin-java classes where applicable
[2025-10-08T07:34:02.492+0000] {spark_submit.py:491} INFO - Traceback (most recent call last):
[2025-10-08T07:34:02.493+0000] {spark_submit.py:491} INFO - File "/opt/***/dags/spark_jobs/test_sparkjob.py", line 16, in <module>
[2025-10-08T07:34:02.493+0000] {spark_submit.py:491} INFO - spark = create_spark_session()
[2025-10-08T07:34:02.493+0000] {spark_submit.py:491} INFO - File "/opt/***/dags/spark_jobs/test_sparkjob.py", line 7, in create_spark_session
[2025-10-08T07:34:02.493+0000] {spark_submit.py:491} INFO - return SparkSession.builder \
[2025-10-08T07:34:02.493+0000] {spark_submit.py:491} INFO - NameError: name 'SparkSession' is not defined
[2025-10-08T07:34:02.583+0000] {spark_submit.py:491} INFO - 25/10/08 07:34:02 INFO ShutdownHookManager: Shutdown hook called
[2025-10-08T07:34:02.583+0000] {spark_submit.py:491} INFO - 25/10/08 07:34:02 INFO ShutdownHookManager: Deleting directory /tmp/spark-3011a3a5-a2fe-4e1a-ba99-4f812de28c49
[2025-10-08T07:34:02.618+0000] {taskinstance.py:1935} ERROR - Task failed with exception
Traceback (most recent call last):
  File "/home/airflow/.local/lib/python3.8/site-packages/airflow/providers/apache/spark/operators/spark_submit.py", line 156, in execute
    self._hook.submit(self._application)
  File "/home/airflow/.local/lib/python3.8/site-packages/airflow/providers/apache/spark/hooks/spark_submit.py", line 422, in submit
    raise AirflowException(
airflow.exceptions.AirflowException: Cannot execute: /opt/bitnami/spark/bin/spark-submit --master spark://spark-master:7077 --conf spark.master=spark://spark-master:7077 --packages org.apache.spark:spark-sql-kafka-0-10_2.12:3.5.0 --name arrow-spark --queue default /opt/***/dags/spark_jobs/test_sparkjob.py. Error code is: 1.
[2025-10-08T07:34:02.619+0000] {taskinstance.py:1398} INFO - Marking task as FAILED. dag_id=Test_Spark_job, task_id=run_spark_job, execution_date=20240222T000000, start_date=20251008T073400, end_date=20251008T073402
[2025-10-08T07:34:02.624+0000] {standard_task_runner.py:104} ERROR - Failed to execute job 83 for task run_spark_job (Cannot execute: /opt/bitnami/spark/bin/spark-submit --master spark://spark-master:7077 --conf spark.master=spark://spark-master:7077 --packages org.apache.spark:spark-sql-kafka-0-10_2.12:3.5.0 --name arrow-spark --queue default /opt/***/dags/spark_jobs/test_sparkjob.py. Error code is: 1.; 5435)
[2025-10-08T07:34:02.666+0000] {local_task_job_runner.py:228} INFO - Task exited with return code 1
[2025-10-08T07:34:02.675+0000] {taskinstance.py:2776} INFO - 0 downstream tasks scheduled from follow-on schedule check
[2025-10-08T07:42:52.556+0000] {taskinstance.py:1157} INFO - Dependencies all met for dep_context=non-requeueable deps ti=<TaskInstance: Test_Spark_job.run_spark_job scheduled__2024-02-22T00:00:00+00:00 [queued]>
[2025-10-08T07:42:52.559+0000] {taskinstance.py:1157} INFO - Dependencies all met for dep_context=requeueable deps ti=<TaskInstance: Test_Spark_job.run_spark_job scheduled__2024-02-22T00:00:00+00:00 [queued]>
[2025-10-08T07:42:52.559+0000] {taskinstance.py:1359} INFO - Starting attempt 1 of 1
[2025-10-08T07:42:52.564+0000] {taskinstance.py:1380} INFO - Executing <Task(SparkSubmitOperator): run_spark_job> on 2024-02-22 00:00:00+00:00
[2025-10-08T07:42:52.566+0000] {standard_task_runner.py:57} INFO - Started process 16450 to run task
[2025-10-08T07:42:52.568+0000] {standard_task_runner.py:84} INFO - Running: ['***', 'tasks', 'run', 'Test_Spark_job', 'run_spark_job', 'scheduled__2024-02-22T00:00:00+00:00', '--job-id', '182', '--raw', '--subdir', 'DAGS_FOLDER/test_spark.py', '--cfg-path', '/tmp/tmp1kqlfb4a']
[2025-10-08T07:42:52.570+0000] {standard_task_runner.py:85} INFO - Job 182: Subtask run_spark_job
[2025-10-08T07:42:52.589+0000] {task_command.py:415} INFO - Running <TaskInstance: Test_Spark_job.run_spark_job scheduled__2024-02-22T00:00:00+00:00 [running]> on host 0e5d01676f0c
[2025-10-08T07:42:52.623+0000] {taskinstance.py:1660} INFO - Exporting env vars: AIRFLOW_CTX_DAG_OWNER='data-engineering' AIRFLOW_CTX_DAG_ID='Test_Spark_job' AIRFLOW_CTX_TASK_ID='run_spark_job' AIRFLOW_CTX_EXECUTION_DATE='2024-02-22T00:00:00+00:00' AIRFLOW_CTX_TRY_NUMBER='1' AIRFLOW_CTX_DAG_RUN_ID='scheduled__2024-02-22T00:00:00+00:00'
[2025-10-08T07:42:52.627+0000] {spark_submit.py:218} INFO - Could not load connection string spark_default, defaulting to yarn
[2025-10-08T07:42:52.627+0000] {spark_submit.py:340} INFO - Spark-Submit cmd: /opt/bitnami/spark/bin/spark-submit --master yarn --conf spark.master=spark://spark-master:7077 --packages org.apache.spark:spark-sql-kafka-0-10_2.12:3.5.0 --name arrow-spark /opt/***/dags/spark_jobs/test_sparkjob.py
[2025-10-08T07:42:53.290+0000] {spark_submit.py:491} INFO - Exception in thread "main" org.apache.spark.SparkException: When running with master 'yarn' either HADOOP_CONF_DIR or YARN_CONF_DIR must be set in the environment.
[2025-10-08T07:42:53.291+0000] {spark_submit.py:491} INFO - at org.apache.spark.deploy.SparkSubmitArguments.error(SparkSubmitArguments.scala:650)
[2025-10-08T07:42:53.291+0000] {spark_submit.py:491} INFO - at org.apache.spark.deploy.SparkSubmitArguments.validateSubmitArguments(SparkSubmitArguments.scala:281)
[2025-10-08T07:42:53.291+0000] {spark_submit.py:491} INFO - at org.apache.spark.deploy.SparkSubmitArguments.validateArguments(SparkSubmitArguments.scala:237)
[2025-10-08T07:42:53.291+0000] {spark_submit.py:491} INFO - at org.apache.spark.deploy.SparkSubmitArguments.<init>(SparkSubmitArguments.scala:122)
[2025-10-08T07:42:53.291+0000] {spark_submit.py:491} INFO - at org.apache.spark.deploy.SparkSubmit$$anon$2$$anon$3.<init>(SparkSubmit.scala:1103)
[2025-10-08T07:42:53.292+0000] {spark_submit.py:491} INFO - at org.apache.spark.deploy.SparkSubmit$$anon$2.parseArguments(SparkSubmit.scala:1103)
[2025-10-08T07:42:53.292+0000] {spark_submit.py:491} INFO - at org.apache.spark.deploy.SparkSubmit.doSubmit(SparkSubmit.scala:86)
[2025-10-08T07:42:53.292+0000] {spark_submit.py:491} INFO - at org.apache.spark.deploy.SparkSubmit$$anon$2.doSubmit(SparkSubmit.scala:1120)
[2025-10-08T07:42:53.292+0000] {spark_submit.py:491} INFO - at org.apache.spark.deploy.SparkSubmit$.main(SparkSubmit.scala:1129)
[2025-10-08T07:42:53.292+0000] {spark_submit.py:491} INFO - at org.apache.spark.deploy.SparkSubmit.main(SparkSubmit.scala)
[2025-10-08T07:42:53.305+0000] {taskinstance.py:1935} ERROR - Task failed with exception
Traceback (most recent call last):
  File "/home/airflow/.local/lib/python3.8/site-packages/airflow/providers/apache/spark/operators/spark_submit.py", line 156, in execute
    self._hook.submit(self._application)
  File "/home/airflow/.local/lib/python3.8/site-packages/airflow/providers/apache/spark/hooks/spark_submit.py", line 422, in submit
    raise AirflowException(
airflow.exceptions.AirflowException: Cannot execute: /opt/bitnami/spark/bin/spark-submit --master yarn --conf spark.master=spark://spark-master:7077 --packages org.apache.spark:spark-sql-kafka-0-10_2.12:3.5.0 --name arrow-spark /opt/***/dags/spark_jobs/test_sparkjob.py. Error code is: 1.
[2025-10-08T07:42:53.306+0000] {taskinstance.py:1398} INFO - Marking task as FAILED. dag_id=Test_Spark_job, task_id=run_spark_job, execution_date=20240222T000000, start_date=20251008T074252, end_date=20251008T074253
[2025-10-08T07:42:53.311+0000] {standard_task_runner.py:104} ERROR - Failed to execute job 182 for task run_spark_job (Cannot execute: /opt/bitnami/spark/bin/spark-submit --master yarn --conf spark.master=spark://spark-master:7077 --packages org.apache.spark:spark-sql-kafka-0-10_2.12:3.5.0 --name arrow-spark /opt/***/dags/spark_jobs/test_sparkjob.py. Error code is: 1.; 16450)
[2025-10-08T07:42:53.322+0000] {local_task_job_runner.py:228} INFO - Task exited with return code 1
[2025-10-08T07:42:53.331+0000] {taskinstance.py:2776} INFO - 0 downstream tasks scheduled from follow-on schedule check
