[2025-10-08T07:33:32.446+0000] {taskinstance.py:1157} INFO - Dependencies all met for dep_context=non-requeueable deps ti=<TaskInstance: Test_Spark_job.run_spark_job scheduled__2024-02-15T00:00:00+00:00 [queued]>
[2025-10-08T07:33:32.449+0000] {taskinstance.py:1157} INFO - Dependencies all met for dep_context=requeueable deps ti=<TaskInstance: Test_Spark_job.run_spark_job scheduled__2024-02-15T00:00:00+00:00 [queued]>
[2025-10-08T07:33:32.449+0000] {taskinstance.py:1359} INFO - Starting attempt 1 of 1
[2025-10-08T07:33:32.453+0000] {taskinstance.py:1380} INFO - Executing <Task(SparkSubmitOperator): run_spark_job> on 2024-02-15 00:00:00+00:00
[2025-10-08T07:33:32.455+0000] {standard_task_runner.py:57} INFO - Started process 5012 to run task
[2025-10-08T07:33:32.456+0000] {standard_task_runner.py:84} INFO - Running: ['***', 'tasks', 'run', 'Test_Spark_job', 'run_spark_job', 'scheduled__2024-02-15T00:00:00+00:00', '--job-id', '76', '--raw', '--subdir', 'DAGS_FOLDER/test_spark.py', '--cfg-path', '/tmp/tmp7_kju4sa']
[2025-10-08T07:33:32.457+0000] {standard_task_runner.py:85} INFO - Job 76: Subtask run_spark_job
[2025-10-08T07:33:32.476+0000] {task_command.py:415} INFO - Running <TaskInstance: Test_Spark_job.run_spark_job scheduled__2024-02-15T00:00:00+00:00 [running]> on host 0e5d01676f0c
[2025-10-08T07:33:32.505+0000] {taskinstance.py:1660} INFO - Exporting env vars: AIRFLOW_CTX_DAG_OWNER='data-engineering' AIRFLOW_CTX_DAG_ID='Test_Spark_job' AIRFLOW_CTX_TASK_ID='run_spark_job' AIRFLOW_CTX_EXECUTION_DATE='2024-02-15T00:00:00+00:00' AIRFLOW_CTX_TRY_NUMBER='1' AIRFLOW_CTX_DAG_RUN_ID='scheduled__2024-02-15T00:00:00+00:00'
[2025-10-08T07:33:32.509+0000] {base.py:73} INFO - Using connection ID 'spark_default' for task execution.
[2025-10-08T07:33:32.510+0000] {spark_submit.py:340} INFO - Spark-Submit cmd: /opt/bitnami/spark/bin/spark-submit --master spark://spark-master:7077 --conf spark.master=spark://spark-master:7077 --packages org.apache.spark:spark-sql-kafka-0-10_2.12:3.5.0 --name arrow-spark --queue default /opt/***/dags/spark_jobs/test_sparkjob.py
[2025-10-08T07:33:33.150+0000] {spark_submit.py:491} INFO - :: loading settings :: url = jar:file:/opt/bitnami/spark/jars/ivy-2.5.1.jar!/org/apache/ivy/core/settings/ivysettings.xml
[2025-10-08T07:33:33.176+0000] {spark_submit.py:491} INFO - Ivy Default Cache set to: /home/***/.ivy2/cache
[2025-10-08T07:33:33.176+0000] {spark_submit.py:491} INFO - The jars for the packages stored in: /home/***/.ivy2/jars
[2025-10-08T07:33:33.177+0000] {spark_submit.py:491} INFO - org.apache.spark#spark-sql-kafka-0-10_2.12 added as a dependency
[2025-10-08T07:33:33.177+0000] {spark_submit.py:491} INFO - :: resolving dependencies :: org.apache.spark#spark-submit-parent-877afa2d-27b3-45f4-88c0-23e98351942b;1.0
[2025-10-08T07:33:33.178+0000] {spark_submit.py:491} INFO - confs: [default]
[2025-10-08T07:33:33.230+0000] {spark_submit.py:491} INFO - found org.apache.spark#spark-sql-kafka-0-10_2.12;3.5.0 in central
[2025-10-08T07:33:33.252+0000] {spark_submit.py:491} INFO - found org.apache.spark#spark-token-provider-kafka-0-10_2.12;3.5.0 in central
[2025-10-08T07:33:33.262+0000] {spark_submit.py:491} INFO - found org.apache.kafka#kafka-clients;3.4.1 in central
[2025-10-08T07:33:33.270+0000] {spark_submit.py:491} INFO - found org.lz4#lz4-java;1.8.0 in central
[2025-10-08T07:33:33.277+0000] {spark_submit.py:491} INFO - found org.xerial.snappy#snappy-java;1.1.10.3 in central
[2025-10-08T07:33:33.284+0000] {spark_submit.py:491} INFO - found org.slf4j#slf4j-api;2.0.7 in central
[2025-10-08T07:33:33.293+0000] {spark_submit.py:491} INFO - found org.apache.hadoop#hadoop-client-runtime;3.3.4 in central
[2025-10-08T07:33:33.301+0000] {spark_submit.py:491} INFO - found org.apache.hadoop#hadoop-client-api;3.3.4 in central
[2025-10-08T07:33:33.314+0000] {spark_submit.py:491} INFO - found commons-logging#commons-logging;1.1.3 in central
[2025-10-08T07:33:33.319+0000] {spark_submit.py:491} INFO - found com.google.code.findbugs#jsr305;3.0.0 in central
[2025-10-08T07:33:33.323+0000] {spark_submit.py:491} INFO - found org.apache.commons#commons-pool2;2.11.1 in central
[2025-10-08T07:33:33.332+0000] {spark_submit.py:491} INFO - :: resolution report :: resolve 151ms :: artifacts dl 4ms
[2025-10-08T07:33:33.333+0000] {spark_submit.py:491} INFO - :: modules in use:
[2025-10-08T07:33:33.333+0000] {spark_submit.py:491} INFO - com.google.code.findbugs#jsr305;3.0.0 from central in [default]
[2025-10-08T07:33:33.333+0000] {spark_submit.py:491} INFO - commons-logging#commons-logging;1.1.3 from central in [default]
[2025-10-08T07:33:33.333+0000] {spark_submit.py:491} INFO - org.apache.commons#commons-pool2;2.11.1 from central in [default]
[2025-10-08T07:33:33.333+0000] {spark_submit.py:491} INFO - org.apache.hadoop#hadoop-client-api;3.3.4 from central in [default]
[2025-10-08T07:33:33.333+0000] {spark_submit.py:491} INFO - org.apache.hadoop#hadoop-client-runtime;3.3.4 from central in [default]
[2025-10-08T07:33:33.333+0000] {spark_submit.py:491} INFO - org.apache.kafka#kafka-clients;3.4.1 from central in [default]
[2025-10-08T07:33:33.333+0000] {spark_submit.py:491} INFO - org.apache.spark#spark-sql-kafka-0-10_2.12;3.5.0 from central in [default]
[2025-10-08T07:33:33.333+0000] {spark_submit.py:491} INFO - org.apache.spark#spark-token-provider-kafka-0-10_2.12;3.5.0 from central in [default]
[2025-10-08T07:33:33.334+0000] {spark_submit.py:491} INFO - org.lz4#lz4-java;1.8.0 from central in [default]
[2025-10-08T07:33:33.334+0000] {spark_submit.py:491} INFO - org.slf4j#slf4j-api;2.0.7 from central in [default]
[2025-10-08T07:33:33.334+0000] {spark_submit.py:491} INFO - org.xerial.snappy#snappy-java;1.1.10.3 from central in [default]
[2025-10-08T07:33:33.334+0000] {spark_submit.py:491} INFO - ---------------------------------------------------------------------
[2025-10-08T07:33:33.334+0000] {spark_submit.py:491} INFO - |                  |            modules            ||   artifacts   |
[2025-10-08T07:33:33.334+0000] {spark_submit.py:491} INFO - |       conf       | number| search|dwnlded|evicted|| number|dwnlded|
[2025-10-08T07:33:33.334+0000] {spark_submit.py:491} INFO - ---------------------------------------------------------------------
[2025-10-08T07:33:33.334+0000] {spark_submit.py:491} INFO - |      default     |   11  |   0   |   0   |   0   ||   11  |   0   |
[2025-10-08T07:33:33.334+0000] {spark_submit.py:491} INFO - ---------------------------------------------------------------------
[2025-10-08T07:33:33.335+0000] {spark_submit.py:491} INFO - :: retrieving :: org.apache.spark#spark-submit-parent-877afa2d-27b3-45f4-88c0-23e98351942b
[2025-10-08T07:33:33.335+0000] {spark_submit.py:491} INFO - confs: [default]
[2025-10-08T07:33:33.338+0000] {spark_submit.py:491} INFO - 0 artifacts copied, 11 already retrieved (0kB/3ms)
[2025-10-08T07:33:33.409+0000] {spark_submit.py:491} INFO - 25/10/08 07:33:33 WARN NativeCodeLoader: Unable to load native-hadoop library for your platform... using builtin-java classes where applicable
[2025-10-08T07:33:34.397+0000] {spark_submit.py:491} INFO - Traceback (most recent call last):
[2025-10-08T07:33:34.397+0000] {spark_submit.py:491} INFO - File "/opt/***/dags/spark_jobs/test_sparkjob.py", line 16, in <module>
[2025-10-08T07:33:34.397+0000] {spark_submit.py:491} INFO - spark = create_spark_session()
[2025-10-08T07:33:34.397+0000] {spark_submit.py:491} INFO - File "/opt/***/dags/spark_jobs/test_sparkjob.py", line 7, in create_spark_session
[2025-10-08T07:33:34.397+0000] {spark_submit.py:491} INFO - return SparkSession.builder \
[2025-10-08T07:33:34.397+0000] {spark_submit.py:491} INFO - NameError: name 'SparkSession' is not defined
[2025-10-08T07:33:34.480+0000] {spark_submit.py:491} INFO - 25/10/08 07:33:34 INFO ShutdownHookManager: Shutdown hook called
[2025-10-08T07:33:34.480+0000] {spark_submit.py:491} INFO - 25/10/08 07:33:34 INFO ShutdownHookManager: Deleting directory /tmp/spark-3cb2ec16-80cb-45f0-be6b-62cfac060ced
[2025-10-08T07:33:34.501+0000] {taskinstance.py:1935} ERROR - Task failed with exception
Traceback (most recent call last):
  File "/home/airflow/.local/lib/python3.8/site-packages/airflow/providers/apache/spark/operators/spark_submit.py", line 156, in execute
    self._hook.submit(self._application)
  File "/home/airflow/.local/lib/python3.8/site-packages/airflow/providers/apache/spark/hooks/spark_submit.py", line 422, in submit
    raise AirflowException(
airflow.exceptions.AirflowException: Cannot execute: /opt/bitnami/spark/bin/spark-submit --master spark://spark-master:7077 --conf spark.master=spark://spark-master:7077 --packages org.apache.spark:spark-sql-kafka-0-10_2.12:3.5.0 --name arrow-spark --queue default /opt/***/dags/spark_jobs/test_sparkjob.py. Error code is: 1.
[2025-10-08T07:33:34.503+0000] {taskinstance.py:1398} INFO - Marking task as FAILED. dag_id=Test_Spark_job, task_id=run_spark_job, execution_date=20240215T000000, start_date=20251008T073332, end_date=20251008T073334
[2025-10-08T07:33:34.507+0000] {standard_task_runner.py:104} ERROR - Failed to execute job 76 for task run_spark_job (Cannot execute: /opt/bitnami/spark/bin/spark-submit --master spark://spark-master:7077 --conf spark.master=spark://spark-master:7077 --packages org.apache.spark:spark-sql-kafka-0-10_2.12:3.5.0 --name arrow-spark --queue default /opt/***/dags/spark_jobs/test_sparkjob.py. Error code is: 1.; 5012)
[2025-10-08T07:33:34.522+0000] {local_task_job_runner.py:228} INFO - Task exited with return code 1
[2025-10-08T07:33:34.530+0000] {taskinstance.py:2776} INFO - 0 downstream tasks scheduled from follow-on schedule check
[2025-10-08T07:42:05.929+0000] {taskinstance.py:1157} INFO - Dependencies all met for dep_context=non-requeueable deps ti=<TaskInstance: Test_Spark_job.run_spark_job scheduled__2024-02-15T00:00:00+00:00 [queued]>
[2025-10-08T07:42:05.931+0000] {taskinstance.py:1157} INFO - Dependencies all met for dep_context=requeueable deps ti=<TaskInstance: Test_Spark_job.run_spark_job scheduled__2024-02-15T00:00:00+00:00 [queued]>
[2025-10-08T07:42:05.932+0000] {taskinstance.py:1359} INFO - Starting attempt 1 of 1
[2025-10-08T07:42:05.935+0000] {taskinstance.py:1380} INFO - Executing <Task(SparkSubmitOperator): run_spark_job> on 2024-02-15 00:00:00+00:00
[2025-10-08T07:42:05.937+0000] {standard_task_runner.py:57} INFO - Started process 15995 to run task
[2025-10-08T07:42:05.939+0000] {standard_task_runner.py:84} INFO - Running: ['***', 'tasks', 'run', 'Test_Spark_job', 'run_spark_job', 'scheduled__2024-02-15T00:00:00+00:00', '--job-id', '174', '--raw', '--subdir', 'DAGS_FOLDER/test_spark.py', '--cfg-path', '/tmp/tmpzg1_g5a4']
[2025-10-08T07:42:05.940+0000] {standard_task_runner.py:85} INFO - Job 174: Subtask run_spark_job
[2025-10-08T07:42:05.960+0000] {task_command.py:415} INFO - Running <TaskInstance: Test_Spark_job.run_spark_job scheduled__2024-02-15T00:00:00+00:00 [running]> on host 0e5d01676f0c
[2025-10-08T07:42:05.992+0000] {taskinstance.py:1660} INFO - Exporting env vars: AIRFLOW_CTX_DAG_OWNER='data-engineering' AIRFLOW_CTX_DAG_ID='Test_Spark_job' AIRFLOW_CTX_TASK_ID='run_spark_job' AIRFLOW_CTX_EXECUTION_DATE='2024-02-15T00:00:00+00:00' AIRFLOW_CTX_TRY_NUMBER='1' AIRFLOW_CTX_DAG_RUN_ID='scheduled__2024-02-15T00:00:00+00:00'
[2025-10-08T07:42:05.996+0000] {spark_submit.py:218} INFO - Could not load connection string spark_default, defaulting to yarn
[2025-10-08T07:42:05.996+0000] {spark_submit.py:340} INFO - Spark-Submit cmd: /opt/bitnami/spark/bin/spark-submit --master yarn --conf spark.master=spark://spark-master:7077 --packages org.apache.spark:spark-sql-kafka-0-10_2.12:3.5.0 --name arrow-spark /opt/***/dags/spark_jobs/test_sparkjob.py
[2025-10-08T07:42:06.706+0000] {spark_submit.py:491} INFO - Exception in thread "main" org.apache.spark.SparkException: When running with master 'yarn' either HADOOP_CONF_DIR or YARN_CONF_DIR must be set in the environment.
[2025-10-08T07:42:06.706+0000] {spark_submit.py:491} INFO - at org.apache.spark.deploy.SparkSubmitArguments.error(SparkSubmitArguments.scala:650)
[2025-10-08T07:42:06.707+0000] {spark_submit.py:491} INFO - at org.apache.spark.deploy.SparkSubmitArguments.validateSubmitArguments(SparkSubmitArguments.scala:281)
[2025-10-08T07:42:06.707+0000] {spark_submit.py:491} INFO - at org.apache.spark.deploy.SparkSubmitArguments.validateArguments(SparkSubmitArguments.scala:237)
[2025-10-08T07:42:06.707+0000] {spark_submit.py:491} INFO - at org.apache.spark.deploy.SparkSubmitArguments.<init>(SparkSubmitArguments.scala:122)
[2025-10-08T07:42:06.707+0000] {spark_submit.py:491} INFO - at org.apache.spark.deploy.SparkSubmit$$anon$2$$anon$3.<init>(SparkSubmit.scala:1103)
[2025-10-08T07:42:06.707+0000] {spark_submit.py:491} INFO - at org.apache.spark.deploy.SparkSubmit$$anon$2.parseArguments(SparkSubmit.scala:1103)
[2025-10-08T07:42:06.707+0000] {spark_submit.py:491} INFO - at org.apache.spark.deploy.SparkSubmit.doSubmit(SparkSubmit.scala:86)
[2025-10-08T07:42:06.708+0000] {spark_submit.py:491} INFO - at org.apache.spark.deploy.SparkSubmit$$anon$2.doSubmit(SparkSubmit.scala:1120)
[2025-10-08T07:42:06.708+0000] {spark_submit.py:491} INFO - at org.apache.spark.deploy.SparkSubmit$.main(SparkSubmit.scala:1129)
[2025-10-08T07:42:06.708+0000] {spark_submit.py:491} INFO - at org.apache.spark.deploy.SparkSubmit.main(SparkSubmit.scala)
[2025-10-08T07:42:06.723+0000] {taskinstance.py:1935} ERROR - Task failed with exception
Traceback (most recent call last):
  File "/home/airflow/.local/lib/python3.8/site-packages/airflow/providers/apache/spark/operators/spark_submit.py", line 156, in execute
    self._hook.submit(self._application)
  File "/home/airflow/.local/lib/python3.8/site-packages/airflow/providers/apache/spark/hooks/spark_submit.py", line 422, in submit
    raise AirflowException(
airflow.exceptions.AirflowException: Cannot execute: /opt/bitnami/spark/bin/spark-submit --master yarn --conf spark.master=spark://spark-master:7077 --packages org.apache.spark:spark-sql-kafka-0-10_2.12:3.5.0 --name arrow-spark /opt/***/dags/spark_jobs/test_sparkjob.py. Error code is: 1.
[2025-10-08T07:42:06.725+0000] {taskinstance.py:1398} INFO - Marking task as FAILED. dag_id=Test_Spark_job, task_id=run_spark_job, execution_date=20240215T000000, start_date=20251008T074205, end_date=20251008T074206
[2025-10-08T07:42:06.731+0000] {standard_task_runner.py:104} ERROR - Failed to execute job 174 for task run_spark_job (Cannot execute: /opt/bitnami/spark/bin/spark-submit --master yarn --conf spark.master=spark://spark-master:7077 --packages org.apache.spark:spark-sql-kafka-0-10_2.12:3.5.0 --name arrow-spark /opt/***/dags/spark_jobs/test_sparkjob.py. Error code is: 1.; 15995)
[2025-10-08T07:42:06.735+0000] {local_task_job_runner.py:228} INFO - Task exited with return code 1
[2025-10-08T07:42:06.745+0000] {taskinstance.py:2776} INFO - 0 downstream tasks scheduled from follow-on schedule check
