[2025-10-08T07:33:25.491+0000] {taskinstance.py:1157} INFO - Dependencies all met for dep_context=non-requeueable deps ti=<TaskInstance: Test_Spark_job.run_spark_job scheduled__2024-02-13T00:00:00+00:00 [queued]>
[2025-10-08T07:33:25.494+0000] {taskinstance.py:1157} INFO - Dependencies all met for dep_context=requeueable deps ti=<TaskInstance: Test_Spark_job.run_spark_job scheduled__2024-02-13T00:00:00+00:00 [queued]>
[2025-10-08T07:33:25.494+0000] {taskinstance.py:1359} INFO - Starting attempt 1 of 1
[2025-10-08T07:33:25.498+0000] {taskinstance.py:1380} INFO - Executing <Task(SparkSubmitOperator): run_spark_job> on 2024-02-13 00:00:00+00:00
[2025-10-08T07:33:25.500+0000] {standard_task_runner.py:57} INFO - Started process 4871 to run task
[2025-10-08T07:33:25.501+0000] {standard_task_runner.py:84} INFO - Running: ['***', 'tasks', 'run', 'Test_Spark_job', 'run_spark_job', 'scheduled__2024-02-13T00:00:00+00:00', '--job-id', '74', '--raw', '--subdir', 'DAGS_FOLDER/test_spark.py', '--cfg-path', '/tmp/tmp5rfndpns']
[2025-10-08T07:33:25.502+0000] {standard_task_runner.py:85} INFO - Job 74: Subtask run_spark_job
[2025-10-08T07:33:25.521+0000] {task_command.py:415} INFO - Running <TaskInstance: Test_Spark_job.run_spark_job scheduled__2024-02-13T00:00:00+00:00 [running]> on host 0e5d01676f0c
[2025-10-08T07:33:25.549+0000] {taskinstance.py:1660} INFO - Exporting env vars: AIRFLOW_CTX_DAG_OWNER='data-engineering' AIRFLOW_CTX_DAG_ID='Test_Spark_job' AIRFLOW_CTX_TASK_ID='run_spark_job' AIRFLOW_CTX_EXECUTION_DATE='2024-02-13T00:00:00+00:00' AIRFLOW_CTX_TRY_NUMBER='1' AIRFLOW_CTX_DAG_RUN_ID='scheduled__2024-02-13T00:00:00+00:00'
[2025-10-08T07:33:25.552+0000] {base.py:73} INFO - Using connection ID 'spark_default' for task execution.
[2025-10-08T07:33:25.553+0000] {spark_submit.py:340} INFO - Spark-Submit cmd: /opt/bitnami/spark/bin/spark-submit --master spark://spark-master:7077 --conf spark.master=spark://spark-master:7077 --packages org.apache.spark:spark-sql-kafka-0-10_2.12:3.5.0 --name arrow-spark --queue default /opt/***/dags/spark_jobs/test_sparkjob.py
[2025-10-08T07:33:26.199+0000] {spark_submit.py:491} INFO - :: loading settings :: url = jar:file:/opt/bitnami/spark/jars/ivy-2.5.1.jar!/org/apache/ivy/core/settings/ivysettings.xml
[2025-10-08T07:33:26.226+0000] {spark_submit.py:491} INFO - Ivy Default Cache set to: /home/***/.ivy2/cache
[2025-10-08T07:33:26.227+0000] {spark_submit.py:491} INFO - The jars for the packages stored in: /home/***/.ivy2/jars
[2025-10-08T07:33:26.229+0000] {spark_submit.py:491} INFO - org.apache.spark#spark-sql-kafka-0-10_2.12 added as a dependency
[2025-10-08T07:33:26.229+0000] {spark_submit.py:491} INFO - :: resolving dependencies :: org.apache.spark#spark-submit-parent-866eab8b-5b43-4093-be20-71b02926d403;1.0
[2025-10-08T07:33:26.229+0000] {spark_submit.py:491} INFO - confs: [default]
[2025-10-08T07:33:26.283+0000] {spark_submit.py:491} INFO - found org.apache.spark#spark-sql-kafka-0-10_2.12;3.5.0 in central
[2025-10-08T07:33:26.307+0000] {spark_submit.py:491} INFO - found org.apache.spark#spark-token-provider-kafka-0-10_2.12;3.5.0 in central
[2025-10-08T07:33:26.316+0000] {spark_submit.py:491} INFO - found org.apache.kafka#kafka-clients;3.4.1 in central
[2025-10-08T07:33:26.325+0000] {spark_submit.py:491} INFO - found org.lz4#lz4-java;1.8.0 in central
[2025-10-08T07:33:26.334+0000] {spark_submit.py:491} INFO - found org.xerial.snappy#snappy-java;1.1.10.3 in central
[2025-10-08T07:33:26.339+0000] {spark_submit.py:491} INFO - found org.slf4j#slf4j-api;2.0.7 in central
[2025-10-08T07:33:26.350+0000] {spark_submit.py:491} INFO - found org.apache.hadoop#hadoop-client-runtime;3.3.4 in central
[2025-10-08T07:33:26.362+0000] {spark_submit.py:491} INFO - found org.apache.hadoop#hadoop-client-api;3.3.4 in central
[2025-10-08T07:33:26.372+0000] {spark_submit.py:491} INFO - found commons-logging#commons-logging;1.1.3 in central
[2025-10-08T07:33:26.376+0000] {spark_submit.py:491} INFO - found com.google.code.findbugs#jsr305;3.0.0 in central
[2025-10-08T07:33:26.380+0000] {spark_submit.py:491} INFO - found org.apache.commons#commons-pool2;2.11.1 in central
[2025-10-08T07:33:26.388+0000] {spark_submit.py:491} INFO - :: resolution report :: resolve 155ms :: artifacts dl 4ms
[2025-10-08T07:33:26.388+0000] {spark_submit.py:491} INFO - :: modules in use:
[2025-10-08T07:33:26.388+0000] {spark_submit.py:491} INFO - com.google.code.findbugs#jsr305;3.0.0 from central in [default]
[2025-10-08T07:33:26.388+0000] {spark_submit.py:491} INFO - commons-logging#commons-logging;1.1.3 from central in [default]
[2025-10-08T07:33:26.389+0000] {spark_submit.py:491} INFO - org.apache.commons#commons-pool2;2.11.1 from central in [default]
[2025-10-08T07:33:26.389+0000] {spark_submit.py:491} INFO - org.apache.hadoop#hadoop-client-api;3.3.4 from central in [default]
[2025-10-08T07:33:26.389+0000] {spark_submit.py:491} INFO - org.apache.hadoop#hadoop-client-runtime;3.3.4 from central in [default]
[2025-10-08T07:33:26.389+0000] {spark_submit.py:491} INFO - org.apache.kafka#kafka-clients;3.4.1 from central in [default]
[2025-10-08T07:33:26.389+0000] {spark_submit.py:491} INFO - org.apache.spark#spark-sql-kafka-0-10_2.12;3.5.0 from central in [default]
[2025-10-08T07:33:26.389+0000] {spark_submit.py:491} INFO - org.apache.spark#spark-token-provider-kafka-0-10_2.12;3.5.0 from central in [default]
[2025-10-08T07:33:26.389+0000] {spark_submit.py:491} INFO - org.lz4#lz4-java;1.8.0 from central in [default]
[2025-10-08T07:33:26.389+0000] {spark_submit.py:491} INFO - org.slf4j#slf4j-api;2.0.7 from central in [default]
[2025-10-08T07:33:26.391+0000] {spark_submit.py:491} INFO - org.xerial.snappy#snappy-java;1.1.10.3 from central in [default]
[2025-10-08T07:33:26.391+0000] {spark_submit.py:491} INFO - ---------------------------------------------------------------------
[2025-10-08T07:33:26.391+0000] {spark_submit.py:491} INFO - |                  |            modules            ||   artifacts   |
[2025-10-08T07:33:26.391+0000] {spark_submit.py:491} INFO - |       conf       | number| search|dwnlded|evicted|| number|dwnlded|
[2025-10-08T07:33:26.391+0000] {spark_submit.py:491} INFO - ---------------------------------------------------------------------
[2025-10-08T07:33:26.391+0000] {spark_submit.py:491} INFO - |      default     |   11  |   0   |   0   |   0   ||   11  |   0   |
[2025-10-08T07:33:26.391+0000] {spark_submit.py:491} INFO - ---------------------------------------------------------------------
[2025-10-08T07:33:26.391+0000] {spark_submit.py:491} INFO - :: retrieving :: org.apache.spark#spark-submit-parent-866eab8b-5b43-4093-be20-71b02926d403
[2025-10-08T07:33:26.392+0000] {spark_submit.py:491} INFO - confs: [default]
[2025-10-08T07:33:26.394+0000] {spark_submit.py:491} INFO - 0 artifacts copied, 11 already retrieved (0kB/3ms)
[2025-10-08T07:33:26.471+0000] {spark_submit.py:491} INFO - 25/10/08 07:33:26 WARN NativeCodeLoader: Unable to load native-hadoop library for your platform... using builtin-java classes where applicable
[2025-10-08T07:33:27.454+0000] {spark_submit.py:491} INFO - Traceback (most recent call last):
[2025-10-08T07:33:27.455+0000] {spark_submit.py:491} INFO - File "/opt/***/dags/spark_jobs/test_sparkjob.py", line 16, in <module>
[2025-10-08T07:33:27.455+0000] {spark_submit.py:491} INFO - spark = create_spark_session()
[2025-10-08T07:33:27.455+0000] {spark_submit.py:491} INFO - File "/opt/***/dags/spark_jobs/test_sparkjob.py", line 7, in create_spark_session
[2025-10-08T07:33:27.455+0000] {spark_submit.py:491} INFO - return SparkSession.builder \
[2025-10-08T07:33:27.455+0000] {spark_submit.py:491} INFO - NameError: name 'SparkSession' is not defined
[2025-10-08T07:33:27.537+0000] {spark_submit.py:491} INFO - 25/10/08 07:33:27 INFO ShutdownHookManager: Shutdown hook called
[2025-10-08T07:33:27.538+0000] {spark_submit.py:491} INFO - 25/10/08 07:33:27 INFO ShutdownHookManager: Deleting directory /tmp/spark-88b86b8f-9464-43e2-82cd-9a4ac8943ed7
[2025-10-08T07:33:27.572+0000] {taskinstance.py:1935} ERROR - Task failed with exception
Traceback (most recent call last):
  File "/home/airflow/.local/lib/python3.8/site-packages/airflow/providers/apache/spark/operators/spark_submit.py", line 156, in execute
    self._hook.submit(self._application)
  File "/home/airflow/.local/lib/python3.8/site-packages/airflow/providers/apache/spark/hooks/spark_submit.py", line 422, in submit
    raise AirflowException(
airflow.exceptions.AirflowException: Cannot execute: /opt/bitnami/spark/bin/spark-submit --master spark://spark-master:7077 --conf spark.master=spark://spark-master:7077 --packages org.apache.spark:spark-sql-kafka-0-10_2.12:3.5.0 --name arrow-spark --queue default /opt/***/dags/spark_jobs/test_sparkjob.py. Error code is: 1.
[2025-10-08T07:33:27.573+0000] {taskinstance.py:1398} INFO - Marking task as FAILED. dag_id=Test_Spark_job, task_id=run_spark_job, execution_date=20240213T000000, start_date=20251008T073325, end_date=20251008T073327
[2025-10-08T07:33:27.578+0000] {standard_task_runner.py:104} ERROR - Failed to execute job 74 for task run_spark_job (Cannot execute: /opt/bitnami/spark/bin/spark-submit --master spark://spark-master:7077 --conf spark.master=spark://spark-master:7077 --packages org.apache.spark:spark-sql-kafka-0-10_2.12:3.5.0 --name arrow-spark --queue default /opt/***/dags/spark_jobs/test_sparkjob.py. Error code is: 1.; 4871)
[2025-10-08T07:33:27.608+0000] {local_task_job_runner.py:228} INFO - Task exited with return code 1
[2025-10-08T07:33:27.616+0000] {taskinstance.py:2776} INFO - 0 downstream tasks scheduled from follow-on schedule check
[2025-10-08T07:42:00.899+0000] {taskinstance.py:1157} INFO - Dependencies all met for dep_context=non-requeueable deps ti=<TaskInstance: Test_Spark_job.run_spark_job scheduled__2024-02-13T00:00:00+00:00 [queued]>
[2025-10-08T07:42:00.902+0000] {taskinstance.py:1157} INFO - Dependencies all met for dep_context=requeueable deps ti=<TaskInstance: Test_Spark_job.run_spark_job scheduled__2024-02-13T00:00:00+00:00 [queued]>
[2025-10-08T07:42:00.902+0000] {taskinstance.py:1359} INFO - Starting attempt 1 of 1
[2025-10-08T07:42:00.906+0000] {taskinstance.py:1380} INFO - Executing <Task(SparkSubmitOperator): run_spark_job> on 2024-02-13 00:00:00+00:00
[2025-10-08T07:42:00.908+0000] {standard_task_runner.py:57} INFO - Started process 15896 to run task
[2025-10-08T07:42:00.910+0000] {standard_task_runner.py:84} INFO - Running: ['***', 'tasks', 'run', 'Test_Spark_job', 'run_spark_job', 'scheduled__2024-02-13T00:00:00+00:00', '--job-id', '172', '--raw', '--subdir', 'DAGS_FOLDER/test_spark.py', '--cfg-path', '/tmp/tmpcwyp2_qy']
[2025-10-08T07:42:00.911+0000] {standard_task_runner.py:85} INFO - Job 172: Subtask run_spark_job
[2025-10-08T07:42:00.929+0000] {task_command.py:415} INFO - Running <TaskInstance: Test_Spark_job.run_spark_job scheduled__2024-02-13T00:00:00+00:00 [running]> on host 0e5d01676f0c
[2025-10-08T07:42:00.959+0000] {taskinstance.py:1660} INFO - Exporting env vars: AIRFLOW_CTX_DAG_OWNER='data-engineering' AIRFLOW_CTX_DAG_ID='Test_Spark_job' AIRFLOW_CTX_TASK_ID='run_spark_job' AIRFLOW_CTX_EXECUTION_DATE='2024-02-13T00:00:00+00:00' AIRFLOW_CTX_TRY_NUMBER='1' AIRFLOW_CTX_DAG_RUN_ID='scheduled__2024-02-13T00:00:00+00:00'
[2025-10-08T07:42:00.963+0000] {spark_submit.py:218} INFO - Could not load connection string spark_default, defaulting to yarn
[2025-10-08T07:42:00.963+0000] {spark_submit.py:340} INFO - Spark-Submit cmd: /opt/bitnami/spark/bin/spark-submit --master yarn --conf spark.master=spark://spark-master:7077 --packages org.apache.spark:spark-sql-kafka-0-10_2.12:3.5.0 --name arrow-spark /opt/***/dags/spark_jobs/test_sparkjob.py
[2025-10-08T07:42:01.622+0000] {spark_submit.py:491} INFO - Exception in thread "main" org.apache.spark.SparkException: When running with master 'yarn' either HADOOP_CONF_DIR or YARN_CONF_DIR must be set in the environment.
[2025-10-08T07:42:01.622+0000] {spark_submit.py:491} INFO - at org.apache.spark.deploy.SparkSubmitArguments.error(SparkSubmitArguments.scala:650)
[2025-10-08T07:42:01.622+0000] {spark_submit.py:491} INFO - at org.apache.spark.deploy.SparkSubmitArguments.validateSubmitArguments(SparkSubmitArguments.scala:281)
[2025-10-08T07:42:01.622+0000] {spark_submit.py:491} INFO - at org.apache.spark.deploy.SparkSubmitArguments.validateArguments(SparkSubmitArguments.scala:237)
[2025-10-08T07:42:01.623+0000] {spark_submit.py:491} INFO - at org.apache.spark.deploy.SparkSubmitArguments.<init>(SparkSubmitArguments.scala:122)
[2025-10-08T07:42:01.623+0000] {spark_submit.py:491} INFO - at org.apache.spark.deploy.SparkSubmit$$anon$2$$anon$3.<init>(SparkSubmit.scala:1103)
[2025-10-08T07:42:01.623+0000] {spark_submit.py:491} INFO - at org.apache.spark.deploy.SparkSubmit$$anon$2.parseArguments(SparkSubmit.scala:1103)
[2025-10-08T07:42:01.623+0000] {spark_submit.py:491} INFO - at org.apache.spark.deploy.SparkSubmit.doSubmit(SparkSubmit.scala:86)
[2025-10-08T07:42:01.623+0000] {spark_submit.py:491} INFO - at org.apache.spark.deploy.SparkSubmit$$anon$2.doSubmit(SparkSubmit.scala:1120)
[2025-10-08T07:42:01.623+0000] {spark_submit.py:491} INFO - at org.apache.spark.deploy.SparkSubmit$.main(SparkSubmit.scala:1129)
[2025-10-08T07:42:01.623+0000] {spark_submit.py:491} INFO - at org.apache.spark.deploy.SparkSubmit.main(SparkSubmit.scala)
[2025-10-08T07:42:01.636+0000] {taskinstance.py:1935} ERROR - Task failed with exception
Traceback (most recent call last):
  File "/home/airflow/.local/lib/python3.8/site-packages/airflow/providers/apache/spark/operators/spark_submit.py", line 156, in execute
    self._hook.submit(self._application)
  File "/home/airflow/.local/lib/python3.8/site-packages/airflow/providers/apache/spark/hooks/spark_submit.py", line 422, in submit
    raise AirflowException(
airflow.exceptions.AirflowException: Cannot execute: /opt/bitnami/spark/bin/spark-submit --master yarn --conf spark.master=spark://spark-master:7077 --packages org.apache.spark:spark-sql-kafka-0-10_2.12:3.5.0 --name arrow-spark /opt/***/dags/spark_jobs/test_sparkjob.py. Error code is: 1.
[2025-10-08T07:42:01.638+0000] {taskinstance.py:1398} INFO - Marking task as FAILED. dag_id=Test_Spark_job, task_id=run_spark_job, execution_date=20240213T000000, start_date=20251008T074200, end_date=20251008T074201
[2025-10-08T07:42:01.643+0000] {standard_task_runner.py:104} ERROR - Failed to execute job 172 for task run_spark_job (Cannot execute: /opt/bitnami/spark/bin/spark-submit --master yarn --conf spark.master=spark://spark-master:7077 --packages org.apache.spark:spark-sql-kafka-0-10_2.12:3.5.0 --name arrow-spark /opt/***/dags/spark_jobs/test_sparkjob.py. Error code is: 1.; 15896)
[2025-10-08T07:42:01.662+0000] {local_task_job_runner.py:228} INFO - Task exited with return code 1
[2025-10-08T07:42:01.670+0000] {taskinstance.py:2776} INFO - 0 downstream tasks scheduled from follow-on schedule check
